# JRE version: Java(TM) SE Runtime Environment (8.0_05-b13) (build 1.8.0_05-b13)
# Java VM: Java HotSpot(TM) 64-Bit Server VM (25.5-b02 mixed mode bsd-amd64 compressed oops)
Heap:
 PSYoungGen      total 14336K, used 10178K [0x0000000142d00000, 0x0000000143e80000, 0x0000000158200000)
  eden space 10752K, 94% used [0x0000000142d00000,0x00000001436f0b20,0x0000000143780000)
  from space 3584K, 0% used [0x0000000143b00000,0x0000000143b00000,0x0000000143e80000)
  to   space 3584K, 0% used [0x0000000143780000,0x0000000143780000,0x0000000143b00000)
 ParOldGen       total 8192K, used 5764K [0x0000000118200000, 0x0000000118a00000, 0x0000000142d00000)
  object space 8192K, 70% used [0x0000000118200000,0x00000001187a1090,0x0000000118a00000)
 Metaspace       used 22278K, capacity 22482K, committed 22784K, reserved 1069056K
  class space    used 2926K, capacity 2973K, committed 3072K, reserved 1048576K
GC Heap History (10 events):
Event: 45.449 GC heap before
{Heap before GC invocations=7 (full 0):
 PSYoungGen      total 5120K, used 5024K [0x0000000142d00000, 0x0000000143500000, 0x0000000158200000)
  eden space 3584K, 100% used [0x0000000142d00000,0x0000000143080000,0x0000000143080000)
  from space 1536K, 93% used [0x0000000143280000,0x00000001433e8000,0x0000000143400000)
  to   space 2048K, 0% used [0x0000000143080000,0x0000000143080000,0x0000000143280000)
 ParOldGen       total 64000K, used 1636K [0x0000000118200000, 0x000000011c080000, 0x0000000142d00000)
  object space 64000K, 2% used [0x0000000118200000,0x0000000118399010,0x000000011c080000)
 Metaspace       used 14312K, capacity 14470K, committed 14848K, reserved 1062912K
  class space    used 1894K, capacity 1947K, committed 2048K, reserved 1048576K
Event: 45.486 GC heap after
Heap after GC invocations=7 (full 0):
 PSYoungGen      total 5632K, used 2040K [0x0000000142d00000, 0x0000000143900000, 0x0000000158200000)
  eden space 3584K, 0% used [0x0000000142d00000,0x0000000142d00000,0x0000000143080000)
  from space 2048K, 99% used [0x0000000143080000,0x000000014327e380,0x0000000143280000)
  to   space 2560K, 0% used [0x0000000143680000,0x0000000143680000,0x0000000143900000)
 ParOldGen       total 64000K, used 1788K [0x0000000118200000, 0x000000011c080000, 0x0000000142d00000)
  object space 64000K, 2% used [0x0000000118200000,0x00000001183bf060,0x000000011c080000)
 Metaspace       used 14312K, capacity 14470K, committed 14848K, reserved 1062912K
  class space    used 1894K, capacity 1947K, committed 2048K, reserved 1048576K
}
Event: 46.054 GC heap before
{Heap before GC invocations=8 (full 0):
 PSYoungGen      total 5632K, used 5612K [0x0000000142d00000, 0x0000000143900000, 0x0000000158200000)
  eden space 3584K, 99% used [0x0000000142d00000,0x000000014307ce18,0x0000000143080000)
  from space 2048K, 99% used [0x0000000143080000,0x000000014327e380,0x0000000143280000)
  to   space 2560K, 0% used [0x0000000143680000,0x0000000143680000,0x0000000143900000)
 ParOldGen       total 64000K, used 1788K [0x0000000118200000, 0x000000011c080000, 0x0000000142d00000)
  object space 64000K, 2% used [0x0000000118200000,0x00000001183bf060,0x000000011c080000)
 Metaspace       used 16213K, capacity 16358K, committed 16512K, reserved 1062912K
  class space    used 2115K, capacity 2171K, committed 2176K, reserved 1048576K
Event: 46.084 GC heap after
Heap after GC invocations=8 (full 0):
 PSYoungGen      total 9216K, used 2559K [0x0000000142d00000, 0x0000000143a00000, 0x0000000158200000)
  eden space 6656K, 0% used [0x0000000142d00000,0x0000000142d00000,0x0000000143380000)
  from space 2560K, 99% used [0x0000000143680000,0x00000001438ffce8,0x0000000143900000)
  to   space 3072K, 0% used [0x0000000143380000,0x0000000143380000,0x0000000143680000)
 ParOldGen       total 64000K, used 2098K [0x0000000118200000, 0x000000011c080000, 0x0000000142d00000)
  object space 64000K, 3% used [0x0000000118200000,0x000000011840cac8,0x000000011c080000)
 Metaspace       used 16213K, capacity 16358K, committed 16512K, reserved 1062912K
  class space    used 2115K, capacity 2171K, committed 2176K, reserved 1048576K
}
Event: 46.912 GC heap before
{Heap before GC invocations=9 (full 0):
 PSYoungGen      total 9216K, used 9215K [0x0000000142d00000, 0x0000000143a00000, 0x0000000158200000)
  eden space 6656K, 100% used [0x0000000142d00000,0x0000000143380000,0x0000000143380000)
  from space 2560K, 99% used [0x0000000143680000,0x00000001438ffce8,0x0000000143900000)
  to   space 3072K, 0% used [0x0000000143380000,0x0000000143380000,0x0000000143680000)
 ParOldGen       total 64000K, used 2098K [0x0000000118200000, 0x000000011c080000, 0x0000000142d00000)
  object space 64000K, 3% used [0x0000000118200000,0x000000011840cac8,0x000000011c080000)
 Metaspace       used 19101K, capacity 19238K, committed 19456K, reserved 1067008K
  class space    used 2450K, capacity 2491K, committed 2560K, reserved 1048576K
Event: 46.940 GC heap after
Heap after GC invocations=9 (full 0):
 PSYoungGen      total 9728K, used 2888K [0x0000000142d00000, 0x0000000143e80000, 0x0000000158200000)
  eden space 6656K, 0% used [0x0000000142d00000,0x0000000142d00000,0x0000000143380000)
  from space 3072K, 94% used [0x0000000143380000,0x0000000143652000,0x0000000143680000)
  to   space 3584K, 0% used [0x0000000143b00000,0x0000000143b00000,0x0000000143e80000)
 ParOldGen       total 64000K, used 3032K [0x0000000118200000, 0x000000011c080000, 0x0000000142d00000)
  object space 64000K, 4% used [0x0000000118200000,0x00000001184f6178,0x000000011c080000)
 Metaspace       used 19101K, capacity 19238K, committed 19456K, reserved 1067008K
  class space    used 2450K, capacity 2491K, committed 2560K, reserved 1048576K
}
Event: 48.868 GC heap before
{Heap before GC invocations=10 (full 0):
 PSYoungGen      total 9728K, used 8324K [0x0000000142d00000, 0x0000000143e80000, 0x0000000158200000)
  eden space 6656K, 81% used [0x0000000142d00000,0x000000014324f0f0,0x0000000143380000)
  from space 3072K, 94% used [0x0000000143380000,0x0000000143652000,0x0000000143680000)
  to   space 3584K, 0% used [0x0000000143b00000,0x0000000143b00000,0x0000000143e80000)
 ParOldGen       total 64000K, used 3032K [0x0000000118200000, 0x000000011c080000, 0x0000000142d00000)
  object space 64000K, 4% used [0x0000000118200000,0x00000001184f6178,0x000000011c080000)
 Metaspace       used 20929K, capacity 21074K, committed 21248K, reserved 1067008K
  class space    used 2713K, capacity 2781K, committed 2816K, reserved 1048576K
Event: 48.882 GC heap after
Heap after GC invocations=10 (full 0):
 PSYoungGen      total 14336K, used 1803K [0x0000000142d00000, 0x0000000143e80000, 0x0000000158200000)
  eden space 10752K, 0% used [0x0000000142d00000,0x0000000142d00000,0x0000000143780000)
  from space 3584K, 50% used [0x0000000143b00000,0x0000000143cc2c88,0x0000000143e80000)
  to   space 3584K, 0% used [0x0000000143780000,0x0000000143780000,0x0000000143b00000)
 ParOldGen       total 64000K, used 4354K [0x0000000118200000, 0x000000011c080000, 0x0000000142d00000)
  object space 64000K, 6% used [0x0000000118200000,0x00000001186408e0,0x000000011c080000)
 Metaspace       used 20929K, capacity 21074K, committed 21248K, reserved 1067008K
  class space    used 2713K, capacity 2781K, committed 2816K, reserved 1048576K
}
Event: 48.882 GC heap before
{Heap before GC invocations=11 (full 1):
 PSYoungGen      total 14336K, used 1803K [0x0000000142d00000, 0x0000000143e80000, 0x0000000158200000)
  eden space 10752K, 0% used [0x0000000142d00000,0x0000000142d00000,0x0000000143780000)
  from space 3584K, 50% used [0x0000000143b00000,0x0000000143cc2c88,0x0000000143e80000)
  to   space 3584K, 0% used [0x0000000143780000,0x0000000143780000,0x0000000143b00000)
 ParOldGen       total 64000K, used 4354K [0x0000000118200000, 0x000000011c080000, 0x0000000142d00000)
  object space 64000K, 6% used [0x0000000118200000,0x00000001186408e0,0x000000011c080000)
 Metaspace       used 20929K, capacity 21074K, committed 21248K, reserved 1067008K
  class space    used 2713K, capacity 2781K, committed 2816K, reserved 1048576K
Event: 49.020 GC heap after
Heap after GC invocations=11 (full 1):
 PSYoungGen      total 14336K, used 0K [0x0000000142d00000, 0x0000000143e80000, 0x0000000158200000)
  eden space 10752K, 0% used [0x0000000142d00000,0x0000000142d00000,0x0000000143780000)
  from space 3584K, 0% used [0x0000000143b00000,0x0000000143b00000,0x0000000143e80000)
  to   space 3584K, 0% used [0x0000000143780000,0x0000000143780000,0x0000000143b00000)
 ParOldGen       total 8192K, used 5764K [0x0000000118200000, 0x0000000118a00000, 0x0000000142d00000)
  object space 8192K, 70% used [0x0000000118200000,0x00000001187a1090,0x0000000118a00000)
 Metaspace       used 20929K, capacity 21074K, committed 21248K, reserved 1067008K
  class space    used 2713K, capacity 2781K, committed 2816K, reserved 1048576K
}

