# JRE version: Java(TM) SE Runtime Environment (8.0_05-b13) (build 1.8.0_05-b13)
# Java VM: Java HotSpot(TM) 64-Bit Server VM (25.5-b02 mixed mode bsd-amd64 compressed oops)
Heap:
 PSYoungGen      total 11264K, used 8204K [0x00000007aab00000, 0x00000007ab900000, 0x00000007c0000000)
  eden space 9216K, 67% used [0x00000007aab00000,0x00000007ab107df0,0x00000007ab400000)
  from space 2048K, 99% used [0x00000007ab700000,0x00000007ab8fb248,0x00000007ab900000)
  to   space 2560K, 0% used [0x00000007ab400000,0x00000007ab400000,0x00000007ab680000)
 ParOldGen       total 9728K, used 5998K [0x0000000780000000, 0x0000000780980000, 0x00000007aab00000)
  object space 9728K, 61% used [0x0000000780000000,0x00000007805dba10,0x0000000780980000)
 Metaspace       used 22468K, capacity 22626K, committed 22784K, reserved 1069056K
  class space    used 2935K, capacity 3005K, committed 3072K, reserved 1048576K
GC Heap History (10 events):
Event: 33.092 GC heap before
{Heap before GC invocations=14 (full 0):
 PSYoungGen      total 5632K, used 4540K [0x00000007aab00000, 0x00000007ab500000, 0x00000007c0000000)
  eden space 3584K, 100% used [0x00000007aab00000,0x00000007aae80000,0x00000007aae80000)
  from space 2048K, 46% used [0x00000007aae80000,0x00000007aaf6f1c0,0x00000007ab080000)
  to   space 2048K, 0% used [0x00000007ab300000,0x00000007ab300000,0x00000007ab500000)
 ParOldGen       total 64000K, used 4434K [0x0000000780000000, 0x0000000783e80000, 0x00000007aab00000)
  object space 64000K, 6% used [0x0000000780000000,0x00000007804549d0,0x0000000783e80000)
 Metaspace       used 20017K, capacity 20182K, committed 20352K, reserved 1067008K
  class space    used 2578K, capacity 2619K, committed 2688K, reserved 1048576K
Event: 33.129 GC heap after
Heap after GC invocations=14 (full 0):
 PSYoungGen      total 8192K, used 923K [0x00000007aab00000, 0x00000007ab500000, 0x00000007c0000000)
  eden space 6144K, 0% used [0x00000007aab00000,0x00000007aab00000,0x00000007ab100000)
  from space 2048K, 45% used [0x00000007ab300000,0x00000007ab3e6f18,0x00000007ab500000)
  to   space 2048K, 0% used [0x00000007ab100000,0x00000007ab100000,0x00000007ab300000)
 ParOldGen       total 64000K, used 4692K [0x0000000780000000, 0x0000000783e80000, 0x00000007aab00000)
  object space 64000K, 7% used [0x0000000780000000,0x00000007804951c0,0x0000000783e80000)
 Metaspace       used 20017K, capacity 20182K, committed 20352K, reserved 1067008K
  class space    used 2578K, capacity 2619K, committed 2688K, reserved 1048576K
}
Event: 33.623 GC heap before
{Heap before GC invocations=15 (full 0):
 PSYoungGen      total 8192K, used 4003K [0x00000007aab00000, 0x00000007ab500000, 0x00000007c0000000)
  eden space 6144K, 50% used [0x00000007aab00000,0x00000007aae01eb8,0x00000007ab100000)
  from space 2048K, 45% used [0x00000007ab300000,0x00000007ab3e6f18,0x00000007ab500000)
  to   space 2048K, 0% used [0x00000007ab100000,0x00000007ab100000,0x00000007ab300000)
 ParOldGen       total 64000K, used 4692K [0x0000000780000000, 0x0000000783e80000, 0x00000007aab00000)
  object space 64000K, 7% used [0x0000000780000000,0x00000007804951c0,0x0000000783e80000)
 Metaspace       used 20983K, capacity 21122K, committed 21248K, reserved 1067008K
  class space    used 2713K, capacity 2781K, committed 2816K, reserved 1048576K
Event: 33.632 GC heap after
Heap after GC invocations=15 (full 0):
 PSYoungGen      total 8192K, used 839K [0x00000007aab00000, 0x00000007ab900000, 0x00000007c0000000)
  eden space 6144K, 0% used [0x00000007aab00000,0x00000007aab00000,0x00000007ab100000)
  from space 2048K, 40% used [0x00000007ab100000,0x00000007ab1d1cf8,0x00000007ab300000)
  to   space 2048K, 0% used [0x00000007ab700000,0x00000007ab700000,0x00000007ab900000)
 ParOldGen       total 64000K, used 5032K [0x0000000780000000, 0x0000000783e80000, 0x00000007aab00000)
  object space 64000K, 7% used [0x0000000780000000,0x00000007804ea1c0,0x0000000783e80000)
 Metaspace       used 20983K, capacity 21122K, committed 21248K, reserved 1067008K
  class space    used 2713K, capacity 2781K, committed 2816K, reserved 1048576K
}
Event: 33.632 GC heap before
{Heap before GC invocations=16 (full 1):
 PSYoungGen      total 8192K, used 839K [0x00000007aab00000, 0x00000007ab900000, 0x00000007c0000000)
  eden space 6144K, 0% used [0x00000007aab00000,0x00000007aab00000,0x00000007ab100000)
  from space 2048K, 40% used [0x00000007ab100000,0x00000007ab1d1cf8,0x00000007ab300000)
  to   space 2048K, 0% used [0x00000007ab700000,0x00000007ab700000,0x00000007ab900000)
 ParOldGen       total 64000K, used 5032K [0x0000000780000000, 0x0000000783e80000, 0x00000007aab00000)
  object space 64000K, 7% used [0x0000000780000000,0x00000007804ea1c0,0x0000000783e80000)
 Metaspace       used 20983K, capacity 21122K, committed 21248K, reserved 1067008K
  class space    used 2713K, capacity 2781K, committed 2816K, reserved 1048576K
Event: 33.862 GC heap after
Heap after GC invocations=16 (full 1):
 PSYoungGen      total 8192K, used 0K [0x00000007aab00000, 0x00000007ab900000, 0x00000007c0000000)
  eden space 6144K, 0% used [0x00000007aab00000,0x00000007aab00000,0x00000007ab100000)
  from space 2048K, 0% used [0x00000007ab100000,0x00000007ab100000,0x00000007ab300000)
  to   space 2048K, 0% used [0x00000007ab700000,0x00000007ab700000,0x00000007ab900000)
 ParOldGen       total 7680K, used 5443K [0x0000000780000000, 0x0000000780780000, 0x00000007aab00000)
  object space 7680K, 70% used [0x0000000780000000,0x0000000780550c38,0x0000000780780000)
 Metaspace       used 20983K, capacity 21122K, committed 21248K, reserved 1067008K
  class space    used 2713K, capacity 2781K, committed 2816K, reserved 1048576K
}
Event: 41.086 GC heap before
{Heap before GC invocations=17 (full 1):
 PSYoungGen      total 8192K, used 6144K [0x00000007aab00000, 0x00000007ab900000, 0x00000007c0000000)
  eden space 6144K, 100% used [0x00000007aab00000,0x00000007ab100000,0x00000007ab100000)
  from space 2048K, 0% used [0x00000007ab100000,0x00000007ab100000,0x00000007ab300000)
  to   space 2048K, 0% used [0x00000007ab700000,0x00000007ab700000,0x00000007ab900000)
 ParOldGen       total 7680K, used 5443K [0x0000000780000000, 0x0000000780780000, 0x00000007aab00000)
  object space 7680K, 70% used [0x0000000780000000,0x0000000780550c38,0x0000000780780000)
 Metaspace       used 21675K, capacity 21794K, committed 22144K, reserved 1069056K
  class space    used 2827K, capacity 2877K, committed 2944K, reserved 1048576K
Event: 41.174 GC heap after
Heap after GC invocations=17 (full 1):
 PSYoungGen      total 11264K, used 2043K [0x00000007aab00000, 0x00000007ab900000, 0x00000007c0000000)
  eden space 9216K, 0% used [0x00000007aab00000,0x00000007aab00000,0x00000007ab400000)
  from space 2048K, 99% used [0x00000007ab700000,0x00000007ab8feea8,0x00000007ab900000)
  to   space 2560K, 0% used [0x00000007ab400000,0x00000007ab400000,0x00000007ab680000)
 ParOldGen       total 7680K, used 6612K [0x0000000780000000, 0x0000000780780000, 0x00000007aab00000)
  object space 7680K, 86% used [0x0000000780000000,0x0000000780675278,0x0000000780780000)
 Metaspace       used 21675K, capacity 21794K, committed 22144K, reserved 1069056K
  class space    used 2827K, capacity 2877K, committed 2944K, reserved 1048576K
}
Event: 41.174 GC heap before
{Heap before GC invocations=18 (full 2):
 PSYoungGen      total 11264K, used 2043K [0x00000007aab00000, 0x00000007ab900000, 0x00000007c0000000)
  eden space 9216K, 0% used [0x00000007aab00000,0x00000007aab00000,0x00000007ab400000)
  from space 2048K, 99% used [0x00000007ab700000,0x00000007ab8feea8,0x00000007ab900000)
  to   space 2560K, 0% used [0x00000007ab400000,0x00000007ab400000,0x00000007ab680000)
 ParOldGen       total 7680K, used 6612K [0x0000000780000000, 0x0000000780780000, 0x00000007aab00000)
  object space 7680K, 86% used [0x0000000780000000,0x0000000780675278,0x0000000780780000)
 Metaspace       used 21675K, capacity 21794K, committed 22144K, reserved 1069056K
  class space    used 2827K, capacity 2877K, committed 2944K, reserved 1048576K
Event: 41.731 GC heap after
Heap after GC invocations=18 (full 2):
 PSYoungGen      total 11264K, used 2028K [0x00000007aab00000, 0x00000007ab900000, 0x00000007c0000000)
  eden space 9216K, 0% used [0x00000007aab00000,0x00000007aab00000,0x00000007ab400000)
  from space 2048K, 99% used [0x00000007ab700000,0x00000007ab8fb248,0x00000007ab900000)
  to   space 2560K, 0% used [0x00000007ab400000,0x00000007ab400000,0x00000007ab680000)
 ParOldGen       total 9728K, used 5998K [0x0000000780000000, 0x0000000780980000, 0x00000007aab00000)
  object space 9728K, 61% used [0x0000000780000000,0x00000007805dba10,0x0000000780980000)
 Metaspace       used 21675K, capacity 21794K, committed 22144K, reserved 1069056K
  class space    used 2827K, capacity 2877K, committed 2944K, reserved 1048576K
}

